<?xml version="1.0" encoding="UTF-8"?>
<testsuite xmlns:xsi="http://www.w3.org/2001/XMLSchema-instance" xsi:schemaLocation="https://maven.apache.org/surefire/maven-surefire-plugin/xsd/surefire-test-report.xsd" name="runners.TestingAppRunner" time="15.52" tests="30" errors="0" skipped="0" failures="4">
  <properties>
    <property name="JOB_NAME" value="WebAppAutomationTest"/>
    <property name="java.vendor" value="Oracle Corporation"/>
    <property name="sun.java.launcher" value="SUN_STANDARD"/>
    <property name="RUN_TESTS_DISPLAY_URL" value="http://localhost:8080/job/WebAppAutomationTest/66/display/redirect?page=tests"/>
    <property name="NUMBER_OF_PROCESSORS" value="8"/>
    <property name="sun.management.compiler" value="HotSpot 64-Bit Tiered Compilers"/>
    <property name="JENKINS_HOME" value="C:\Program Files (x86)\Jenkins"/>
    <property name="HUDSON_SERVER_COOKIE" value="c8393f2614ecfddc"/>
    <property name="POM_ARTIFACTID" value="WebAppAutomation"/>
    <property name="os.name" value="Windows 10"/>
    <property name="RegionCode" value="APJ"/>
    <property name="EXECUTOR_NUMBER" value="2"/>
    <property name="PATHEXT" value=".COM;.EXE;.BAT;.CMD;.VBS;.VBE;.JS;.JSE;.WSF;.WSH;.MSC"/>
    <property name="POM_DISPLAYNAME" value="WebAppAutomation"/>
    <property name="java.vm.specification.vendor" value="Oracle Corporation"/>
    <property name="TEMP" value="C:\Users\GULSHA~1.KUM\AppData\Local\Temp"/>
    <property name="NODE_LABELS" value="TestWebAppNode"/>
    <property name="java.runtime.version" value="14.0.2+12-46"/>
    <property name="user.name" value="gulshan.kumar"/>
    <property name="BRS" value="C:\Program Files\HP\Sure Click\servers"/>
    <property name="guice.disable.misplaced.annotation.check" value="true"/>
    <property name="CommonProgramW6432" value="C:\Program Files\Common Files"/>
    <property name="ProgramFiles" value="C:\Program Files"/>
    <property name="OnlineServices" value="Online Services"/>
    <property name="PROMPT" value="$P$G"/>
    <property name="user.language" value="en"/>
    <property name="M2" value="C:\Program Files\apache-maven-3.6.3\bin"/>
    <property name="JOB_BASE_NAME" value="WebAppAutomationTest"/>
    <property name="RUN_CHANGES_DISPLAY_URL" value="http://localhost:8080/job/WebAppAutomationTest/66/display/redirect?page=changes"/>
    <property name="BUILD_DISPLAY_NAME" value="#66"/>
    <property name="OneDrive" value="C:\Users\gulshan.kumar\OneDrive"/>
    <property name="sun.boot.library.path" value="C:\Program Files\Java\jdk-14.0.2\bin"/>
    <property name="BRB" value="C:\Program Files\HP\Sure Click\bin"/>
    <property name="java.vm.compressedOopsMode" value="32-bit"/>
    <property name="LOCALAPPDATA" value="C:\Users\gulshan.kumar\AppData\Local"/>
    <property name="java.version" value="14.0.2"/>
    <property name="user.timezone" value="Asia/Calcutta"/>
    <property name="PROCESSOR_LEVEL" value="6"/>
    <property name="USERNAME" value="gulshan.kumar"/>
    <property name="sun.arch.data.model" value="64"/>
    <property name="NODE_NAME" value="TestWebAppNode"/>
    <property name="BUILD_ID" value="66"/>
    <property name="sun.cpu.isalist" value="amd64"/>
    <property name="sun.jnu.encoding" value="Cp1252"/>
    <property name="maven.conf" value="C:\Program Files\apache-maven-3.6.3\conf"/>
    <property name="HOMEDRIVE" value="C:"/>
    <property name="file.separator" value="\"/>
    <property name="java.specification.name" value="Java Platform API Specification"/>
    <property name="java.class.version" value="58.0"/>
    <property name="org.slf4j.simpleLogger.defaultLogLevel" value="info"/>
    <property name="user.country" value="IN"/>
    <property name="ALLUSERSPROFILE" value="C:\ProgramData"/>
    <property name="java.home" value="C:\Program Files\Java\jdk-14.0.2"/>
    <property name="java.vm.info" value="mixed mode, sharing"/>
    <property name="os.version" value="10.0"/>
    <property name="platformcode" value="AN"/>
    <property name="=ExitCode" value="00000082"/>
    <property name="PTSMINSTALLPATH_X86" value="c:\Program Files (x86)\HP\HP ProtectTools Security Manager\Bin\"/>
    <property name="RUN_DISPLAY_URL" value="http://localhost:8080/job/WebAppAutomationTest/66/display/redirect"/>
    <property name="POM_VERSION" value="1.0-SNAPSHOT"/>
    <property name="TMP" value="C:\Users\GULSHA~1.KUM\AppData\Local\Temp"/>
    <property name="path.separator" value=";"/>
    <property name="RUN_ARTIFACTS_DISPLAY_URL" value="http://localhost:8080/job/WebAppAutomationTest/66/display/redirect?page=artifacts"/>
    <property name="java.vm.version" value="14.0.2+12-46"/>
    <property name="user.variant" value=""/>
    <property name="CommonProgramFiles(x86)" value="C:\Program Files (x86)\Common Files"/>
    <property name="JOB_DISPLAY_URL" value="http://localhost:8080/job/WebAppAutomationTest/display/redirect"/>
    <property name="USERDOMAIN_ROAMINGPROFILE" value="NECTECHNOLOGIES"/>
    <property name="CommonProgramFiles" value="C:\Program Files\Common Files"/>
    <property name="sun.io.unicode.encoding" value="UnicodeLittle"/>
    <property name="JAVA_HOME" value="C:\Program Files\Java\jdk-14.0.2"/>
    <property name="ComSpec" value="C:\windows\system32\cmd.exe"/>
    <property name="USERDNSDOMAIN" value="NECTECHNOLOGIES.IN"/>
    <property name="HOMEPATH" value="\Users\gulshan.kumar"/>
    <property name="POM_PACKAGING" value="jar"/>
    <property name="COMPUTERNAME" value="DLLT-9357"/>
    <property name="user.script" value=""/>
    <property name="POM_GROUPID" value="WebApp"/>
    <property name="user.home" value="C:\Users\gulshan.kumar"/>
    <property name="PUBLIC" value="C:\Users\Public"/>
    <property name="BUILD_TAG" value="jenkins-WebAppAutomationTest-66"/>
    <property name="JENKINS_SERVER_COOKIE" value="c8393f2614ecfddc"/>
    <property name="HUDSON_URL" value="http://localhost:8080/"/>
    <property name="ProgramData" value="C:\ProgramData"/>
    <property name="java.version.date" value="2020-07-14"/>
    <property name="test" value="TestingAppRunner.java"/>
    <property name="java.specification.vendor" value="Oracle Corporation"/>
    <property name="USERPROFILE" value="C:\Users\gulshan.kumar"/>
    <property name="CLASSPATH" value=""/>
    <property name="java.library.path" value="C:\Program Files\Java\jdk-14.0.2\bin;C:\windows\Sun\Java\bin;C:\windows\system32;C:\windows;C:\Program Files\apache-maven-3.6.3/bin;C:\Program Files\Java\jdk-14.0.2/bin;C:\Program Files\Java\jdk-14.0.2/bin;C:\Python27\;C:\Python27\Scripts;C:\Program Files\Java\jdk-14.0.2\bin;C:\Program Files\Java\jdk-14.0.2;C:\windows\system32;C:\windows;C:\windows\System32\Wbem;C:\windows\System32\WindowsPowerShell\v1.0\;C:\windows\System32\OpenSSH\;C:\Program Files (x86)\Intel\Intel(R) Management Engine Components\DAL;C:\Program Files\Intel\Intel(R) Management Engine Components\DAL;C:\opscode\chef\bin\;C:\Program Files\WinMerge;C:\Program Files\Docker\Docker\resources\bin;C:\ProgramData\DockerDesktop\version-bin;C:\Program Files\Git\cmd;C:\Program Files\apache-maven-3.6.3\bin;C:\Users\gulshan.kumar\AppData\Local\Microsoft\WindowsApps;."/>
    <property name="java.vendor.url" value="https://java.oracle.com/"/>
    <property name="java.vm.vendor" value="Oracle Corporation"/>
    <property name="APPDATA" value="C:\Users\gulshan.kumar\AppData\Roaming"/>
    <property name="java.runtime.name" value="Java(TM) SE Runtime Environment"/>
    <property name="maven.home" value="C:\Program Files\apache-maven-3.6.3"/>
    <property name="java.class.path" value="C:\Program Files (x86)\Jenkins\maven35-agent.jar;C:\Program Files\apache-maven-3.6.3\boot\plexus-classworlds-2.6.0.jar;C:\Program Files\apache-maven-3.6.3/conf/logging"/>
    <property name="sun.java.command" value="jenkins.maven3.agent.Maven35Main C:\Program Files\apache-maven-3.6.3 D:\Gulshan\Project-5GC\POC\Jenkins\agent.jar C:\Program Files (x86)\Jenkins\maven35-interceptor.jar C:\Program Files (x86)\Jenkins\maven3-interceptor-commons.jar 53883"/>
    <property name="Path" value="C:\Program Files\Java\jdk-14.0.2/bin;C:\Python27\;C:\Python27\Scripts;C:\Program Files\Java\jdk-14.0.2\bin;C:\Program Files\Java\jdk-14.0.2;C:\windows\system32;C:\windows;C:\windows\System32\Wbem;C:\windows\System32\WindowsPowerShell\v1.0\;C:\windows\System32\OpenSSH\;C:\Program Files (x86)\Intel\Intel(R) Management Engine Components\DAL;C:\Program Files\Intel\Intel(R) Management Engine Components\DAL;C:\opscode\chef\bin\;C:\Program Files\WinMerge;C:\Program Files\Docker\Docker\resources\bin;C:\ProgramData\DockerDesktop\version-bin;C:\Program Files\Git\cmd;C:\Program Files\apache-maven-3.6.3\bin;C:\Users\gulshan.kumar\AppData\Local\Microsoft\WindowsApps"/>
    <property name="jdk.debug" value="release"/>
    <property name="PROCESSOR_ARCHITECTURE" value="AMD64"/>
    <property name="java.vm.specification.name" value="Java Virtual Machine Specification"/>
    <property name="PATH+JDK" value="C:\Program Files\Java\jdk-14.0.2/bin"/>
    <property name="PROCESSOR_IDENTIFIER" value="Intel64 Family 6 Model 142 Stepping 12, GenuineIntel"/>
    <property name="java.vm.specification.version" value="14"/>
    <property name="M2_HOME" value="C:\Program Files\apache-maven-3.6.3"/>
    <property name="sun.cpu.endian" value="little"/>
    <property name="sun.os.patch.level" value=""/>
    <property name="OS" value="Windows_NT"/>
    <property name="java.io.tmpdir" value="C:\Users\GULSHA~1.KUM\AppData\Local\Temp\"/>
    <property name="=D:" value="D:\Gulshan\Project-5GC\POC\Jenkins"/>
    <property name="HUDSON_HOME" value="C:\Program Files (x86)\Jenkins"/>
    <property name="PATH+MAVEN" value="C:\Program Files\apache-maven-3.6.3/bin"/>
    <property name="ProgramFiles(x86)" value="C:\Program Files (x86)"/>
    <property name="java.vendor.url.bug" value="https://bugreport.java.com/bugreport/"/>
    <property name="BUILD_URL" value="http://localhost:8080/job/WebAppAutomationTest/66/"/>
    <property name="MAVEN_OPTS" value="-Xms256m -Xmx512m"/>
    <property name="SystemRoot" value="C:\windows"/>
    <property name="os.arch" value="amd64"/>
    <property name="user.dir" value="D:\Gulshan\Project-5GC\POC\WebAppAutomation"/>
    <property name="JOB_URL" value="http://localhost:8080/job/WebAppAutomationTest/"/>
    <property name="LOGONSERVER" value="\\DLSV-ADC02"/>
    <property name="USERDOMAIN" value="NECTECHNOLOGIES"/>
    <property name="MAVEN_HOME" value="C:\Program Files\apache-maven-3.6.3"/>
    <property name="line.separator" value="&#10;"/>
    <property name="java.vm.name" value="Java HotSpot(TM) 64-Bit Server VM"/>
    <property name="BUILD_NUMBER" value="66"/>
    <property name="PROCESSOR_REVISION" value="8e0c"/>
    <property name="JENKINS_URL" value="http://localhost:8080/"/>
    <property name="UATDATA" value="C:\windows\CCM\UATData\D9F8C395-CAB8-491d-B8AC-179A1FE1BE77"/>
    <property name="ProgramW6432" value="C:\Program Files"/>
    <property name="windir" value="C:\windows"/>
    <property name="=C:" value="C:\Windows\System32"/>
    <property name="file.encoding" value="Cp1252"/>
    <property name="SystemDrive" value="C:"/>
    <property name="PTSMINSTALLPATH" value="c:\Program Files\HP\HP ProtectTools Security Manager\Bin\"/>
    <property name="maven3.interceptor" value="C:\Program Files (x86)\Jenkins\maven35-interceptor.jar"/>
    <property name="WORKSPACE_TMP" value="C:\Program Files (x86)\Jenkins\workspace\WebAppAutomationTest@tmp"/>
    <property name="WORKSPACE" value="C:\Program Files (x86)\Jenkins\workspace\WebAppAutomationTest"/>
    <property name="maven3.interceptor.common" value="C:\Program Files (x86)\Jenkins\maven3-interceptor-commons.jar"/>
    <property name="PSModulePath" value="C:\Program Files\WindowsPowerShell\Modules;C:\windows\system32\WindowsPowerShell\v1.0\Modules"/>
    <property name="java.specification.version" value="14"/>
    <property name="DriverData" value="C:\Windows\System32\Drivers\DriverData"/>
  </properties>
  <testcase name="Given user is on Home Page of Web Application" classname="| 4 | 6 | 10 |" time="0.002"/>
  <testcase name="When user enters first number as &quot;4&quot;" classname="| 4 | 6 | 10 |" time="0"/>
  <testcase name="When user enters second number as &quot;6&quot;" classname="| 4 | 6 | 10 |" time="0"/>
  <testcase name="When user clicks on Sum Button" classname="| 4 | 6 | 10 |" time="0"/>
  <testcase name="Then result of addition should be displayed as &quot;10&quot;" classname="| 4 | 6 | 10 |" time="0"/>
  <testcase name="| 4 | 6 | 10 |" classname="| 4 | 6 | 10 |" time="0.004"/>
  <testcase name="Given user is on Home Page of Web Application" classname="| 8.2 | 7.1 | 15.3 |" time="0"/>
  <testcase name="When user enters first number as &quot;8.2&quot;" classname="| 8.2 | 7.1 | 15.3 |" time="0"/>
  <testcase name="When user enters second number as &quot;7.1&quot;" classname="| 8.2 | 7.1 | 15.3 |" time="0"/>
  <testcase name="When user clicks on Sum Button" classname="| 8.2 | 7.1 | 15.3 |" time="0"/>
  <testcase name="Then result of addition should be displayed as &quot;15.3&quot;" classname="| 8.2 | 7.1 | 15.3 |" time="0"/>
  <testcase name="| 8.2 | 7.1 | 15.3 |" classname="| 8.2 | 7.1 | 15.3 |" time="0.004"/>
  <testcase name="Given user is on Home Page of Web Application" classname="| 30 | 50 | 80 |" time="0"/>
  <testcase name="When user enters first number as &quot;30&quot;" classname="| 30 | 50 | 80 |" time="0"/>
  <testcase name="When user enters second number as &quot;50&quot;" classname="| 30 | 50 | 80 |" time="0.001"/>
  <testcase name="When user clicks on Sum Button" classname="| 30 | 50 | 80 |" time="0"/>
  <testcase name="Then result of addition should be displayed as &quot;80&quot;" classname="| 30 | 50 | 80 |" time="0"/>
  <testcase name="| 30 | 50 | 80 |" classname="| 30 | 50 | 80 |" time="0.011"/>
  <testcase name="Given user is on Home Page of Web Application" classname="| 8 | 7 | 19 |" time="0"/>
  <testcase name="When user enters first number as &quot;8&quot;" classname="| 8 | 7 | 19 |" time="0"/>
  <testcase name="When user enters second number as &quot;7&quot;" classname="| 8 | 7 | 19 |" time="0"/>
  <testcase name="When user clicks on Sum Button" classname="| 8 | 7 | 19 |" time="0"/>
  <testcase name="Then result of addition should be displayed as &quot;19&quot;" classname="| 8 | 7 | 19 |" time="0.007">
    <failure message="expected:&lt;1[9]&gt; but was:&lt;1[5]&gt;" type="org.junit.ComparisonFailure"><![CDATA[org.junit.ComparisonFailure: expected:<1[9]> but was:<1[5]>
]]></failure>
    <system-out><![CDATA[2020-08-18 15:07:59 [main] INFO  - Expected Result : 19
2020-08-18 15:07:59 [main] INFO  - Actual Result :15
]]></system-out>
  </testcase>
  <testcase name="| 8 | 7 | 19 |" classname="| 8 | 7 | 19 |" time="0.007">
    <failure message="expected:&lt;1[9]&gt; but was:&lt;1[5]&gt;" type="org.junit.ComparisonFailure"><![CDATA[org.junit.ComparisonFailure: expected:<1[9]> but was:<1[5]>
]]></failure>
  </testcase>
  <testcase name="Given user is on Home Page of Web Application" classname="| 5.3 | 9.3 | 12.8 |" time="0"/>
  <testcase name="When user enters first number as &quot;5.3&quot;" classname="| 5.3 | 9.3 | 12.8 |" time="0"/>
  <testcase name="When user enters second number as &quot;9.3&quot;" classname="| 5.3 | 9.3 | 12.8 |" time="0"/>
  <testcase name="When user clicks on Sum Button" classname="| 5.3 | 9.3 | 12.8 |" time="0"/>
  <testcase name="Then result of addition should be displayed as &quot;12.8&quot;" classname="| 5.3 | 9.3 | 12.8 |" time="0.001">
    <failure message="expected:&lt;1[2.8]&gt; but was:&lt;1[4.6]&gt;" type="org.junit.ComparisonFailure"><![CDATA[org.junit.ComparisonFailure: expected:<1[2.8]> but was:<1[4.6]>
]]></failure>
    <system-out><![CDATA[2020-08-18 15:08:01 [main] INFO  - Expected Result : 12.8
2020-08-18 15:08:01 [main] INFO  - Actual Result :14.6
]]></system-out>
  </testcase>
  <testcase name="| 5.3 | 9.3 | 12.8 |" classname="| 5.3 | 9.3 | 12.8 |" time="0.002">
    <failure message="expected:&lt;1[2.8]&gt; but was:&lt;1[4.6]&gt;" type="org.junit.ComparisonFailure"><![CDATA[org.junit.ComparisonFailure: expected:<1[2.8]> but was:<1[4.6]>
]]></failure>
  </testcase>
</testsuite>