<?xml version="1.0" encoding="UTF-8"?>
<testsuite xmlns:xsi="http://www.w3.org/2001/XMLSchema-instance" xsi:schemaLocation="https://maven.apache.org/surefire/maven-surefire-plugin/xsd/surefire-test-report.xsd" name="runners.TestAPIRunner" time="18.342" tests="5" errors="0" skipped="0" failures="0">
  <properties>
[...]
</properties>
  <testcase name="Given users data API is requested" classname="| 200 | 10 |" time="0.001"/>
  <testcase name="Then Response Code should be returned as &quot;200&quot;" classname="| 200 | 10 |" time="0"/>
  <testcase name="Then Number of Records should be returned as &quot;10&quot;" classname="| 200 | 10 |" time="0"/>
  <testcase name="Then users data is stored in Test Data file" classname="| 200 | 10 |" time="0"/>
  <testcase name="| 200 | 10 |" classname="| 200 | 10 |" time="0.01"/>
</testsuite>