<?xml version="1.0" encoding="UTF-8"?>
<testsuite xmlns:xsi="http://www.w3.org/2001/XMLSchema-instance" xsi:schemaLocation="https://maven.apache.org/surefire/maven-surefire-plugin/xsd/surefire-test-report.xsd" name="runners.TestingAppRunner" time="15.52" tests="30" errors="0" skipped="0" failures="4">
  <properties>
[...]
</properties>
  <testcase name="Given user is on Home Page of Web Application" classname="| 4 | 6 | 10 |" time="0.002"/>
  <testcase name="When user enters first number as &quot;4&quot;" classname="| 4 | 6 | 10 |" time="0"/>
  <testcase name="When user enters second number as &quot;6&quot;" classname="| 4 | 6 | 10 |" time="0"/>
  <testcase name="When user clicks on Sum Button" classname="| 4 | 6 | 10 |" time="0"/>
  <testcase name="Then result of addition should be displayed as &quot;10&quot;" classname="| 4 | 6 | 10 |" time="0"/>
  <testcase name="| 4 | 6 | 10 |" classname="| 4 | 6 | 10 |" time="0.004"/>
  <testcase name="Given user is on Home Page of Web Application" classname="| 8.2 | 7.1 | 15.3 |" time="0"/>
  <testcase name="When user enters first number as &quot;8.2&quot;" classname="| 8.2 | 7.1 | 15.3 |" time="0"/>
  <testcase name="When user enters second number as &quot;7.1&quot;" classname="| 8.2 | 7.1 | 15.3 |" time="0"/>
  <testcase name="When user clicks on Sum Button" classname="| 8.2 | 7.1 | 15.3 |" time="0"/>
  <testcase name="Then result of addition should be displayed as &quot;15.3&quot;" classname="| 8.2 | 7.1 | 15.3 |" time="0"/>
  <testcase name="| 8.2 | 7.1 | 15.3 |" classname="| 8.2 | 7.1 | 15.3 |" time="0.004"/>
  <testcase name="Given user is on Home Page of Web Application" classname="| 30 | 50 | 80 |" time="0"/>
  <testcase name="When user enters first number as &quot;30&quot;" classname="| 30 | 50 | 80 |" time="0"/>
  <testcase name="When user enters second number as &quot;50&quot;" classname="| 30 | 50 | 80 |" time="0.001"/>
  <testcase name="When user clicks on Sum Button" classname="| 30 | 50 | 80 |" time="0"/>
  <testcase name="Then result of addition should be displayed as &quot;80&quot;" classname="| 30 | 50 | 80 |" time="0"/>
  <testcase name="| 30 | 50 | 80 |" classname="| 30 | 50 | 80 |" time="0.011"/>
  <testcase name="Given user is on Home Page of Web Application" classname="| 8 | 7 | 19 |" time="0"/>
  <testcase name="When user enters first number as &quot;8&quot;" classname="| 8 | 7 | 19 |" time="0"/>
  <testcase name="When user enters second number as &quot;7&quot;" classname="| 8 | 7 | 19 |" time="0"/>
  <testcase name="When user clicks on Sum Button" classname="| 8 | 7 | 19 |" time="0"/>
  <testcase name="Then result of addition should be displayed as &quot;19&quot;" classname="| 8 | 7 | 19 |" time="0.007">
    <failure message="expected:&lt;1[9]&gt; but was:&lt;1[5]&gt;" type="org.junit.ComparisonFailure"><![CDATA[org.junit.ComparisonFailure: expected:<1[9]> but was:<1[5]>
]]></failure>
    <system-out><![CDATA[2020-08-18 15:07:59 [main] INFO  - Expected Result : 19
2020-08-18 15:07:59 [main] INFO  - Actual Result :15
]]></system-out>
  </testcase>
  <testcase name="| 8 | 7 | 19 |" classname="| 8 | 7 | 19 |" time="0.007">
    <failure message="expected:&lt;1[9]&gt; but was:&lt;1[5]&gt;" type="org.junit.ComparisonFailure"><![CDATA[org.junit.ComparisonFailure: expected:<1[9]> but was:<1[5]>
]]></failure>
  </testcase>
  <testcase name="Given user is on Home Page of Web Application" classname="| 5.3 | 9.3 | 12.8 |" time="0"/>
  <testcase name="When user enters first number as &quot;5.3&quot;" classname="| 5.3 | 9.3 | 12.8 |" time="0"/>
  <testcase name="When user enters second number as &quot;9.3&quot;" classname="| 5.3 | 9.3 | 12.8 |" time="0"/>
  <testcase name="When user clicks on Sum Button" classname="| 5.3 | 9.3 | 12.8 |" time="0"/>
  <testcase name="Then result of addition should be displayed as &quot;12.8&quot;" classname="| 5.3 | 9.3 | 12.8 |" time="0.001">
    <failure message="expected:&lt;1[2.8]&gt; but was:&lt;1[4.6]&gt;" type="org.junit.ComparisonFailure"><![CDATA[org.junit.ComparisonFailure: expected:<1[2.8]> but was:<1[4.6]>
]]></failure>
    <system-out><![CDATA[2020-08-18 15:08:01 [main] INFO  - Expected Result : 12.8
2020-08-18 15:08:01 [main] INFO  - Actual Result :14.6
]]></system-out>
  </testcase>
  <testcase name="| 5.3 | 9.3 | 12.8 |" classname="| 5.3 | 9.3 | 12.8 |" time="0.002">
    <failure message="expected:&lt;1[2.8]&gt; but was:&lt;1[4.6]&gt;" type="org.junit.ComparisonFailure"><![CDATA[org.junit.ComparisonFailure: expected:<1[2.8]> but was:<1[4.6]>
]]></failure>
  </testcase>
</testsuite>